<?xml version="1.0" encoding="UTF-8"?>
<testng-results ignored="0" total="4" passed="4" failed="0" skipped="0">
  <reporter-output>
    <line>
      <![CDATA[Extent report initialized]]>
    </line>
    <line>
      <![CDATA[XL DP]]>
    </line>
    <line>
      <![CDATA[XL path:./data/input.xlsx XL Sheet:testValidLogin]]>
    </line>
    <line>
      <![CDATA[Extent Test Created]]>
    </line>
    <line>
      <![CDATA[XL DP]]>
    </line>
    <line>
      <![CDATA[XL path:./data/input.xlsx XL Sheet:testValidLogin]]>
    </line>
    <line>
      <![CDATA[Extent Test Created]]>
    </line>
    <line>
      <![CDATA[Using Grid?:YES]]>
    </line>
    <line>
      <![CDATA[Using Grid?:YES]]>
    </line>
    <line>
      <![CDATA[Using Grid]]>
    </line>
    <line>
      <![CDATA[Using Grid]]>
    </line>
    <line>
      <![CDATA[hubURL:http://192.168.1.3:4444/wd/hub]]>
    </line>
    <line>
      <![CDATA[hubURL:http://192.168.1.3:4444/wd/hub]]>
    </line>
    <line>
      <![CDATA[Browser:firefox]]>
    </line>
    <line>
      <![CDATA[Browser:chrome]]>
    </line>
    <line>
      <![CDATA[Browser launched in grid:chrome]]>
    </line>
    <line>
      <![CDATA[ETO:60]]>
    </line>
    <line>
      <![CDATA[ITO:60]]>
    </line>
    <line>
      <![CDATA[PLT:60]]>
    </line>
    <line>
      <![CDATA[STO:60]]>
    </line>
    <line>
      <![CDATA[Browser launched in grid:firefox]]>
    </line>
    <line>
      <![CDATA[ETO:60]]>
    </line>
    <line>
      <![CDATA[ITO:60]]>
    </line>
    <line>
      <![CDATA[PLT:60]]>
    </line>
    <line>
      <![CDATA[STO:60]]>
    </line>
    <line>
      <![CDATA[appUrl:https://demo.actitime.com/login.do]]>
    </line>
    <line>
      <![CDATA[Cookies Deleted]]>
    </line>
    <line>
      <![CDATA[Browser Maximized]]>
    </line>
    <line>
      <![CDATA[Precondition completed]]>
    </line>
    <line>
      <![CDATA[Browser is closed]]>
    </line>
    <line>
      <![CDATA[Test executed successfully]]>
    </line>
    <line>
      <![CDATA[Postcondition completed]]>
    </line>
    <line>
      <![CDATA[Extent Test Created]]>
    </line>
    <line>
      <![CDATA[Using Grid?:YES]]>
    </line>
    <line>
      <![CDATA[Using Grid]]>
    </line>
    <line>
      <![CDATA[hubURL:http://192.168.1.3:4444/wd/hub]]>
    </line>
    <line>
      <![CDATA[Browser:chrome]]>
    </line>
    <line>
      <![CDATA[Browser launched in grid:chrome]]>
    </line>
    <line>
      <![CDATA[ETO:60]]>
    </line>
    <line>
      <![CDATA[ITO:60]]>
    </line>
    <line>
      <![CDATA[PLT:60]]>
    </line>
    <line>
      <![CDATA[STO:60]]>
    </line>
    <line>
      <![CDATA[appUrl:https://demo.actitime.com/login.do]]>
    </line>
    <line>
      <![CDATA[Cookies Deleted]]>
    </line>
    <line>
      <![CDATA[Browser Maximized]]>
    </line>
    <line>
      <![CDATA[Precondition completed]]>
    </line>
    <line>
      <![CDATA[Browser is closed]]>
    </line>
    <line>
      <![CDATA[Test executed successfully]]>
    </line>
    <line>
      <![CDATA[Postcondition completed]]>
    </line>
    <line>
      <![CDATA[Extent Test Created]]>
    </line>
    <line>
      <![CDATA[Using Grid?:YES]]>
    </line>
    <line>
      <![CDATA[Using Grid]]>
    </line>
    <line>
      <![CDATA[hubURL:http://192.168.1.3:4444/wd/hub]]>
    </line>
    <line>
      <![CDATA[Browser:firefox]]>
    </line>
    <line>
      <![CDATA[Browser launched in grid:firefox]]>
    </line>
    <line>
      <![CDATA[ETO:60]]>
    </line>
    <line>
      <![CDATA[ITO:60]]>
    </line>
    <line>
      <![CDATA[PLT:60]]>
    </line>
    <line>
      <![CDATA[STO:60]]>
    </line>
    <line>
      <![CDATA[appUrl:https://demo.actitime.com/login.do]]>
    </line>
    <line>
      <![CDATA[Cookies Deleted]]>
    </line>
    <line>
      <![CDATA[Browser Maximized]]>
    </line>
    <line>
      <![CDATA[Precondition completed]]>
    </line>
    <line>
      <![CDATA[Browser is closed]]>
    </line>
    <line>
      <![CDATA[Test executed successfully]]>
    </line>
    <line>
      <![CDATA[Postcondition completed]]>
    </line>
    <line>
      <![CDATA[appUrl:https://demo.actitime.com/login.do]]>
    </line>
    <line>
      <![CDATA[Cookies Deleted]]>
    </line>
    <line>
      <![CDATA[Browser Maximized]]>
    </line>
    <line>
      <![CDATA[Precondition completed]]>
    </line>
    <line>
      <![CDATA[Browser is closed]]>
    </line>
    <line>
      <![CDATA[Test executed successfully]]>
    </line>
    <line>
      <![CDATA[Postcondition completed]]>
    </line>
    <line>
      <![CDATA[Extent report published]]>
    </line>
  </reporter-output>
  <suite started-at="2021-08-08T02:13:30Z" name="RegressionSuite" finished-at="2021-08-08T02:13:52Z" duration-ms="21750">
    <groups>
    </groups>
    <test started-at="2021-08-08T02:13:30Z" name="ChromeTest" finished-at="2021-08-08T02:13:47Z" duration-ms="17338">
      <class name="script.ValidLogin">
        <test-method is-config="true" signature="preCondition(java.lang.String, java.lang.String, org.testng.ITestResult)[pri:0, instance:script.ValidLogin@595b007d]" started-at="2021-08-08T02:13:31Z" name="preCondition" finished-at="2021-08-08T02:13:39Z" duration-ms="8622" status="PASS">
          <params>
            <param index="0">
              <value>
                <![CDATA[http://192.168.1.3:4444/wd/hub]]>
              </value>
            </param>
            <param index="1">
              <value>
                <![CDATA[chrome]]>
              </value>
            </param>
            <param index="2">
              <value>
                <![CDATA[[TestResult name=testValidLogin status=SUCCESS method=ValidLogin.testValidLogin(java.lang.String, java.lang.String)[pri:0, instance:script.ValidLogin@595b007d] output={null}]]]>
              </value>
            </param>
          </params>
          <reporter-output>
            <line>
              <![CDATA[Extent Test Created]]>
            </line>
            <line>
              <![CDATA[Using Grid?:YES]]>
            </line>
            <line>
              <![CDATA[Using Grid]]>
            </line>
            <line>
              <![CDATA[hubURL:http://192.168.1.3:4444/wd/hub]]>
            </line>
            <line>
              <![CDATA[Browser:chrome]]>
            </line>
            <line>
              <![CDATA[Browser launched in grid:chrome]]>
            </line>
            <line>
              <![CDATA[ETO:60]]>
            </line>
            <line>
              <![CDATA[ITO:60]]>
            </line>
            <line>
              <![CDATA[PLT:60]]>
            </line>
            <line>
              <![CDATA[STO:60]]>
            </line>
            <line>
              <![CDATA[appUrl:https://demo.actitime.com/login.do]]>
            </line>
            <line>
              <![CDATA[Cookies Deleted]]>
            </line>
            <line>
              <![CDATA[Browser Maximized]]>
            </line>
            <line>
              <![CDATA[Precondition completed]]>
            </line>
          </reporter-output>
        </test-method> <!-- preCondition -->
        <test-method signature="testValidLogin(java.lang.String, java.lang.String)[pri:0, instance:script.ValidLogin@595b007d]" started-at="2021-08-08T02:13:39Z" name="testValidLogin" data-provider="getDataFromXL" finished-at="2021-08-08T02:13:40Z" duration-ms="303" status="PASS">
          <params>
            <param index="0">
              <value>
                <![CDATA[admin]]>
              </value>
            </param>
            <param index="1">
              <value>
                <![CDATA[manager]]>
              </value>
            </param>
          </params>
          <reporter-output>
          </reporter-output>
        </test-method> <!-- testValidLogin -->
        <test-method is-config="true" signature="postCondition(org.testng.ITestResult)[pri:0, instance:script.ValidLogin@595b007d]" started-at="2021-08-08T02:13:40Z" name="postCondition" finished-at="2021-08-08T02:13:40Z" duration-ms="62" status="PASS">
          <params>
            <param index="0">
              <value>
                <![CDATA[[TestResult name=testValidLogin status=SUCCESS method=ValidLogin.testValidLogin(java.lang.String, java.lang.String)[pri:0, instance:script.ValidLogin@595b007d] output={null}]]]>
              </value>
            </param>
          </params>
          <reporter-output>
            <line>
              <![CDATA[Browser is closed]]>
            </line>
            <line>
              <![CDATA[Test executed successfully]]>
            </line>
            <line>
              <![CDATA[Postcondition completed]]>
            </line>
          </reporter-output>
        </test-method> <!-- postCondition -->
        <test-method is-config="true" signature="preCondition(java.lang.String, java.lang.String, org.testng.ITestResult)[pri:0, instance:script.ValidLogin@595b007d]" started-at="2021-08-08T02:13:40Z" name="preCondition" finished-at="2021-08-08T02:13:47Z" duration-ms="7568" status="PASS">
          <params>
            <param index="0">
              <value>
                <![CDATA[http://192.168.1.3:4444/wd/hub]]>
              </value>
            </param>
            <param index="1">
              <value>
                <![CDATA[chrome]]>
              </value>
            </param>
            <param index="2">
              <value>
                <![CDATA[[TestResult name=testValidLogin status=SUCCESS method=ValidLogin.testValidLogin(java.lang.String, java.lang.String)[pri:0, instance:script.ValidLogin@595b007d] output={null}]]]>
              </value>
            </param>
          </params>
          <reporter-output>
            <line>
              <![CDATA[Extent Test Created]]>
            </line>
            <line>
              <![CDATA[Using Grid?:YES]]>
            </line>
            <line>
              <![CDATA[Using Grid]]>
            </line>
            <line>
              <![CDATA[hubURL:http://192.168.1.3:4444/wd/hub]]>
            </line>
            <line>
              <![CDATA[Browser:chrome]]>
            </line>
            <line>
              <![CDATA[Browser launched in grid:chrome]]>
            </line>
            <line>
              <![CDATA[ETO:60]]>
            </line>
            <line>
              <![CDATA[ITO:60]]>
            </line>
            <line>
              <![CDATA[PLT:60]]>
            </line>
            <line>
              <![CDATA[STO:60]]>
            </line>
            <line>
              <![CDATA[appUrl:https://demo.actitime.com/login.do]]>
            </line>
            <line>
              <![CDATA[Cookies Deleted]]>
            </line>
            <line>
              <![CDATA[Browser Maximized]]>
            </line>
            <line>
              <![CDATA[Precondition completed]]>
            </line>
          </reporter-output>
        </test-method> <!-- preCondition -->
        <test-method signature="testValidLogin(java.lang.String, java.lang.String)[pri:0, instance:script.ValidLogin@595b007d]" started-at="2021-08-08T02:13:47Z" name="testValidLogin" data-provider="getDataFromXL" finished-at="2021-08-08T02:13:47Z" duration-ms="213" status="PASS">
          <params>
            <param index="0">
              <value>
                <![CDATA[trainee]]>
              </value>
            </param>
            <param index="1">
              <value>
                <![CDATA[trainee]]>
              </value>
            </param>
          </params>
          <reporter-output>
          </reporter-output>
        </test-method> <!-- testValidLogin -->
        <test-method is-config="true" signature="postCondition(org.testng.ITestResult)[pri:0, instance:script.ValidLogin@595b007d]" started-at="2021-08-08T02:13:47Z" name="postCondition" finished-at="2021-08-08T02:13:47Z" duration-ms="61" status="PASS">
          <params>
            <param index="0">
              <value>
                <![CDATA[[TestResult name=testValidLogin status=SUCCESS method=ValidLogin.testValidLogin(java.lang.String, java.lang.String)[pri:0, instance:script.ValidLogin@595b007d] output={null}]]]>
              </value>
            </param>
          </params>
          <reporter-output>
            <line>
              <![CDATA[Browser is closed]]>
            </line>
            <line>
              <![CDATA[Test executed successfully]]>
            </line>
            <line>
              <![CDATA[Postcondition completed]]>
            </line>
          </reporter-output>
        </test-method> <!-- postCondition -->
      </class> <!-- script.ValidLogin -->
    </test> <!-- ChromeTest -->
    <test started-at="2021-08-08T02:13:30Z" name="FFTest" finished-at="2021-08-08T02:13:52Z" duration-ms="21750">
      <class name="script.ValidLogin">
        <test-method is-config="true" signature="initReport()[pri:0, instance:script.ValidLogin@747ddf94]" started-at="2021-08-08T02:13:30Z" name="initReport" finished-at="2021-08-08T02:13:30Z" duration-ms="162" status="PASS">
          <reporter-output>
            <line>
              <![CDATA[Extent report initialized]]>
            </line>
          </reporter-output>
        </test-method> <!-- initReport -->
        <test-method is-config="true" signature="startGrid()[pri:0, instance:script.ValidLogin@747ddf94]" started-at="2021-08-08T02:13:30Z" name="startGrid" finished-at="2021-08-08T02:13:30Z" duration-ms="0" status="PASS">
          <reporter-output>
          </reporter-output>
        </test-method> <!-- startGrid -->
        <test-method is-config="true" signature="preCondition(java.lang.String, java.lang.String, org.testng.ITestResult)[pri:0, instance:script.ValidLogin@747ddf94]" started-at="2021-08-08T02:13:31Z" name="preCondition" finished-at="2021-08-08T02:13:41Z" duration-ms="10306" status="PASS">
          <params>
            <param index="0">
              <value>
                <![CDATA[http://192.168.1.3:4444/wd/hub]]>
              </value>
            </param>
            <param index="1">
              <value>
                <![CDATA[firefox]]>
              </value>
            </param>
            <param index="2">
              <value>
                <![CDATA[[TestResult name=testValidLogin status=SUCCESS method=ValidLogin.testValidLogin(java.lang.String, java.lang.String)[pri:0, instance:script.ValidLogin@747ddf94] output={null}]]]>
              </value>
            </param>
          </params>
          <reporter-output>
            <line>
              <![CDATA[Extent Test Created]]>
            </line>
            <line>
              <![CDATA[Using Grid?:YES]]>
            </line>
            <line>
              <![CDATA[Using Grid]]>
            </line>
            <line>
              <![CDATA[hubURL:http://192.168.1.3:4444/wd/hub]]>
            </line>
            <line>
              <![CDATA[Browser:firefox]]>
            </line>
            <line>
              <![CDATA[Browser launched in grid:firefox]]>
            </line>
            <line>
              <![CDATA[ETO:60]]>
            </line>
            <line>
              <![CDATA[ITO:60]]>
            </line>
            <line>
              <![CDATA[PLT:60]]>
            </line>
            <line>
              <![CDATA[STO:60]]>
            </line>
            <line>
              <![CDATA[appUrl:https://demo.actitime.com/login.do]]>
            </line>
            <line>
              <![CDATA[Cookies Deleted]]>
            </line>
            <line>
              <![CDATA[Browser Maximized]]>
            </line>
            <line>
              <![CDATA[Precondition completed]]>
            </line>
          </reporter-output>
        </test-method> <!-- preCondition -->
        <test-method signature="testValidLogin(java.lang.String, java.lang.String)[pri:0, instance:script.ValidLogin@747ddf94]" started-at="2021-08-08T02:13:41Z" name="testValidLogin" data-provider="getDataFromXL" finished-at="2021-08-08T02:13:41Z" duration-ms="330" status="PASS">
          <params>
            <param index="0">
              <value>
                <![CDATA[admin]]>
              </value>
            </param>
            <param index="1">
              <value>
                <![CDATA[manager]]>
              </value>
            </param>
          </params>
          <reporter-output>
          </reporter-output>
        </test-method> <!-- testValidLogin -->
        <test-method is-config="true" signature="postCondition(org.testng.ITestResult)[pri:0, instance:script.ValidLogin@747ddf94]" started-at="2021-08-08T02:13:41Z" name="postCondition" finished-at="2021-08-08T02:13:42Z" duration-ms="397" status="PASS">
          <params>
            <param index="0">
              <value>
                <![CDATA[[TestResult name=testValidLogin status=SUCCESS method=ValidLogin.testValidLogin(java.lang.String, java.lang.String)[pri:0, instance:script.ValidLogin@747ddf94] output={null}]]]>
              </value>
            </param>
          </params>
          <reporter-output>
            <line>
              <![CDATA[Browser is closed]]>
            </line>
            <line>
              <![CDATA[Test executed successfully]]>
            </line>
            <line>
              <![CDATA[Postcondition completed]]>
            </line>
          </reporter-output>
        </test-method> <!-- postCondition -->
        <test-method is-config="true" signature="preCondition(java.lang.String, java.lang.String, org.testng.ITestResult)[pri:0, instance:script.ValidLogin@747ddf94]" started-at="2021-08-08T02:13:42Z" name="preCondition" finished-at="2021-08-08T02:13:51Z" duration-ms="9502" status="PASS">
          <params>
            <param index="0">
              <value>
                <![CDATA[http://192.168.1.3:4444/wd/hub]]>
              </value>
            </param>
            <param index="1">
              <value>
                <![CDATA[firefox]]>
              </value>
            </param>
            <param index="2">
              <value>
                <![CDATA[[TestResult name=testValidLogin status=SUCCESS method=ValidLogin.testValidLogin(java.lang.String, java.lang.String)[pri:0, instance:script.ValidLogin@747ddf94] output={null}]]]>
              </value>
            </param>
          </params>
          <reporter-output>
            <line>
              <![CDATA[Extent Test Created]]>
            </line>
            <line>
              <![CDATA[Using Grid?:YES]]>
            </line>
            <line>
              <![CDATA[Using Grid]]>
            </line>
            <line>
              <![CDATA[hubURL:http://192.168.1.3:4444/wd/hub]]>
            </line>
            <line>
              <![CDATA[Browser:firefox]]>
            </line>
            <line>
              <![CDATA[Browser launched in grid:firefox]]>
            </line>
            <line>
              <![CDATA[ETO:60]]>
            </line>
            <line>
              <![CDATA[ITO:60]]>
            </line>
            <line>
              <![CDATA[PLT:60]]>
            </line>
            <line>
              <![CDATA[STO:60]]>
            </line>
            <line>
              <![CDATA[appUrl:https://demo.actitime.com/login.do]]>
            </line>
            <line>
              <![CDATA[Cookies Deleted]]>
            </line>
            <line>
              <![CDATA[Browser Maximized]]>
            </line>
            <line>
              <![CDATA[Precondition completed]]>
            </line>
          </reporter-output>
        </test-method> <!-- preCondition -->
        <test-method signature="testValidLogin(java.lang.String, java.lang.String)[pri:0, instance:script.ValidLogin@747ddf94]" started-at="2021-08-08T02:13:51Z" name="testValidLogin" data-provider="getDataFromXL" finished-at="2021-08-08T02:13:51Z" duration-ms="320" status="PASS">
          <params>
            <param index="0">
              <value>
                <![CDATA[trainee]]>
              </value>
            </param>
            <param index="1">
              <value>
                <![CDATA[trainee]]>
              </value>
            </param>
          </params>
          <reporter-output>
          </reporter-output>
        </test-method> <!-- testValidLogin -->
        <test-method is-config="true" signature="postCondition(org.testng.ITestResult)[pri:0, instance:script.ValidLogin@747ddf94]" started-at="2021-08-08T02:13:51Z" name="postCondition" finished-at="2021-08-08T02:13:52Z" duration-ms="392" status="PASS">
          <params>
            <param index="0">
              <value>
                <![CDATA[[TestResult name=testValidLogin status=SUCCESS method=ValidLogin.testValidLogin(java.lang.String, java.lang.String)[pri:0, instance:script.ValidLogin@747ddf94] output={null}]]]>
              </value>
            </param>
          </params>
          <reporter-output>
            <line>
              <![CDATA[Browser is closed]]>
            </line>
            <line>
              <![CDATA[Test executed successfully]]>
            </line>
            <line>
              <![CDATA[Postcondition completed]]>
            </line>
          </reporter-output>
        </test-method> <!-- postCondition -->
        <test-method is-config="true" signature="publishReport()[pri:0, instance:script.ValidLogin@747ddf94]" started-at="2021-08-08T02:13:52Z" name="publishReport" finished-at="2021-08-08T02:13:52Z" duration-ms="246" status="PASS">
          <reporter-output>
            <line>
              <![CDATA[Extent report published]]>
            </line>
          </reporter-output>
        </test-method> <!-- publishReport -->
      </class> <!-- script.ValidLogin -->
    </test> <!-- FFTest -->
  </suite> <!-- RegressionSuite -->
</testng-results>
