<?xml version="1.0" encoding="UTF-8"?>
<testng-results skipped="0" failed="0" ignored="0" total="2" passed="2">
  <reporter-output>
    <line>
      <![CDATA[Extent report initialized]]>
    </line>
    <line>
      <![CDATA[use Grid?:No]]>
    </line>
    <line>
      <![CDATA[XL DP]]>
    </line>
    <line>
      <![CDATA[XL path:./data/input.xlsx XL Sheet:testValidLogin]]>
    </line>
    <line>
      <![CDATA[Extent Test Created]]>
    </line>
    <line>
      <![CDATA[Using Grid?:No]]>
    </line>
    <line>
      <![CDATA[Using Local System]]>
    </line>
    <line>
      <![CDATA[Launching Chrome Browser]]>
    </line>
    <line>
      <![CDATA[Browser launched in local:chrome]]>
    </line>
    <line>
      <![CDATA[Webdriver registered to EventFiringWebDriver]]>
    </line>
    <line>
      <![CDATA[ETO:10]]>
    </line>
    <line>
      <![CDATA[ITO:10]]>
    </line>
    <line>
      <![CDATA[PLT:10]]>
    </line>
    <line>
      <![CDATA[STO:10]]>
    </line>
    <line>
      <![CDATA[appUrl:https://demo.actitime.com/login.do]]>
    </line>
    <line>
      <![CDATA[Cookies Deleted]]>
    </line>
    <line>
      <![CDATA[Browser Maximized]]>
    </line>
    <line>
      <![CDATA[Precondition completed]]>
    </line>
    <line>
      <![CDATA[Browser is closed]]>
    </line>
    <line>
      <![CDATA[Test executed successfully]]>
    </line>
    <line>
      <![CDATA[Postcondition completed]]>
    </line>
    <line>
      <![CDATA[Extent Test Created]]>
    </line>
    <line>
      <![CDATA[Using Grid?:No]]>
    </line>
    <line>
      <![CDATA[Using Local System]]>
    </line>
    <line>
      <![CDATA[Launching Chrome Browser]]>
    </line>
    <line>
      <![CDATA[Browser launched in local:chrome]]>
    </line>
    <line>
      <![CDATA[Webdriver registered to EventFiringWebDriver]]>
    </line>
    <line>
      <![CDATA[ETO:10]]>
    </line>
    <line>
      <![CDATA[ITO:10]]>
    </line>
    <line>
      <![CDATA[PLT:10]]>
    </line>
    <line>
      <![CDATA[STO:10]]>
    </line>
    <line>
      <![CDATA[appUrl:https://demo.actitime.com/login.do]]>
    </line>
    <line>
      <![CDATA[Cookies Deleted]]>
    </line>
    <line>
      <![CDATA[Browser Maximized]]>
    </line>
    <line>
      <![CDATA[Precondition completed]]>
    </line>
    <line>
      <![CDATA[Browser is closed]]>
    </line>
    <line>
      <![CDATA[Test executed successfully]]>
    </line>
    <line>
      <![CDATA[Postcondition completed]]>
    </line>
    <line>
      <![CDATA[Extent report published]]>
    </line>
  </reporter-output>
  <suite name="RegressionSuite" duration-ms="23097" started-at="2021-08-07T06:32:26Z" finished-at="2021-08-07T06:32:49Z">
    <groups>
    </groups>
    <test name="ChromeTest" duration-ms="23097" started-at="2021-08-07T06:32:26Z" finished-at="2021-08-07T06:32:49Z">
      <class name="script.ValidLogin">
        <test-method status="PASS" signature="initReport()[pri:0, instance:script.ValidLogin@e874448]" name="initReport" is-config="true" duration-ms="195" started-at="2021-08-07T06:32:26Z" finished-at="2021-08-07T06:32:26Z">
          <reporter-output>
            <line>
              <![CDATA[Extent report initialized]]>
            </line>
          </reporter-output>
        </test-method> <!-- initReport -->
        <test-method status="PASS" signature="startGrid()[pri:0, instance:script.ValidLogin@e874448]" name="startGrid" is-config="true" duration-ms="1" started-at="2021-08-07T06:32:26Z" finished-at="2021-08-07T06:32:26Z">
          <reporter-output>
            <line>
              <![CDATA[use Grid?:No]]>
            </line>
          </reporter-output>
        </test-method> <!-- startGrid -->
        <test-method status="PASS" signature="preCondition(java.lang.String, java.lang.String, org.testng.ITestResult)[pri:0, instance:script.ValidLogin@e874448]" name="preCondition" is-config="true" duration-ms="10750" started-at="2021-08-07T06:32:27Z" finished-at="2021-08-07T06:32:38Z">
          <params>
            <param index="0">
              <value>
                <![CDATA[http://localhost:4444/wd/hub]]>
              </value>
            </param>
            <param index="1">
              <value>
                <![CDATA[chrome]]>
              </value>
            </param>
            <param index="2">
              <value>
                <![CDATA[[TestResult name=testValidLogin status=SUCCESS method=ValidLogin.testValidLogin(java.lang.String, java.lang.String)[pri:0, instance:script.ValidLogin@e874448] output={null}]]]>
              </value>
            </param>
          </params>
          <reporter-output>
            <line>
              <![CDATA[Extent Test Created]]>
            </line>
            <line>
              <![CDATA[Using Grid?:No]]>
            </line>
            <line>
              <![CDATA[Using Local System]]>
            </line>
            <line>
              <![CDATA[Launching Chrome Browser]]>
            </line>
            <line>
              <![CDATA[Browser launched in local:chrome]]>
            </line>
            <line>
              <![CDATA[Webdriver registered to EventFiringWebDriver]]>
            </line>
            <line>
              <![CDATA[ETO:10]]>
            </line>
            <line>
              <![CDATA[ITO:10]]>
            </line>
            <line>
              <![CDATA[PLT:10]]>
            </line>
            <line>
              <![CDATA[STO:10]]>
            </line>
            <line>
              <![CDATA[appUrl:https://demo.actitime.com/login.do]]>
            </line>
            <line>
              <![CDATA[Cookies Deleted]]>
            </line>
            <line>
              <![CDATA[Browser Maximized]]>
            </line>
            <line>
              <![CDATA[Precondition completed]]>
            </line>
          </reporter-output>
        </test-method> <!-- preCondition -->
        <test-method status="PASS" signature="testValidLogin(java.lang.String, java.lang.String)[pri:0, instance:script.ValidLogin@e874448]" name="testValidLogin" duration-ms="284" started-at="2021-08-07T06:32:38Z" data-provider="getDataFromXL" finished-at="2021-08-07T06:32:38Z">
          <params>
            <param index="0">
              <value>
                <![CDATA[admin]]>
              </value>
            </param>
            <param index="1">
              <value>
                <![CDATA[manager]]>
              </value>
            </param>
          </params>
          <reporter-output>
          </reporter-output>
        </test-method> <!-- testValidLogin -->
        <test-method status="PASS" signature="postCondition(org.testng.ITestResult)[pri:0, instance:script.ValidLogin@e874448]" name="postCondition" is-config="true" duration-ms="666" started-at="2021-08-07T06:32:38Z" finished-at="2021-08-07T06:32:39Z">
          <params>
            <param index="0">
              <value>
                <![CDATA[[TestResult name=testValidLogin status=SUCCESS method=ValidLogin.testValidLogin(java.lang.String, java.lang.String)[pri:0, instance:script.ValidLogin@e874448] output={null}]]]>
              </value>
            </param>
          </params>
          <reporter-output>
            <line>
              <![CDATA[Browser is closed]]>
            </line>
            <line>
              <![CDATA[Test executed successfully]]>
            </line>
            <line>
              <![CDATA[Postcondition completed]]>
            </line>
          </reporter-output>
        </test-method> <!-- postCondition -->
        <test-method status="PASS" signature="preCondition(java.lang.String, java.lang.String, org.testng.ITestResult)[pri:0, instance:script.ValidLogin@e874448]" name="preCondition" is-config="true" duration-ms="9821" started-at="2021-08-07T06:32:39Z" finished-at="2021-08-07T06:32:49Z">
          <params>
            <param index="0">
              <value>
                <![CDATA[http://localhost:4444/wd/hub]]>
              </value>
            </param>
            <param index="1">
              <value>
                <![CDATA[chrome]]>
              </value>
            </param>
            <param index="2">
              <value>
                <![CDATA[[TestResult name=testValidLogin status=SUCCESS method=ValidLogin.testValidLogin(java.lang.String, java.lang.String)[pri:0, instance:script.ValidLogin@e874448] output={null}]]]>
              </value>
            </param>
          </params>
          <reporter-output>
            <line>
              <![CDATA[Extent Test Created]]>
            </line>
            <line>
              <![CDATA[Using Grid?:No]]>
            </line>
            <line>
              <![CDATA[Using Local System]]>
            </line>
            <line>
              <![CDATA[Launching Chrome Browser]]>
            </line>
            <line>
              <![CDATA[Browser launched in local:chrome]]>
            </line>
            <line>
              <![CDATA[Webdriver registered to EventFiringWebDriver]]>
            </line>
            <line>
              <![CDATA[ETO:10]]>
            </line>
            <line>
              <![CDATA[ITO:10]]>
            </line>
            <line>
              <![CDATA[PLT:10]]>
            </line>
            <line>
              <![CDATA[STO:10]]>
            </line>
            <line>
              <![CDATA[appUrl:https://demo.actitime.com/login.do]]>
            </line>
            <line>
              <![CDATA[Cookies Deleted]]>
            </line>
            <line>
              <![CDATA[Browser Maximized]]>
            </line>
            <line>
              <![CDATA[Precondition completed]]>
            </line>
          </reporter-output>
        </test-method> <!-- preCondition -->
        <test-method status="PASS" signature="testValidLogin(java.lang.String, java.lang.String)[pri:0, instance:script.ValidLogin@e874448]" name="testValidLogin" duration-ms="256" started-at="2021-08-07T06:32:49Z" data-provider="getDataFromXL" finished-at="2021-08-07T06:32:49Z">
          <params>
            <param index="0">
              <value>
                <![CDATA[trainee]]>
              </value>
            </param>
            <param index="1">
              <value>
                <![CDATA[trainee]]>
              </value>
            </param>
          </params>
          <reporter-output>
          </reporter-output>
        </test-method> <!-- testValidLogin -->
        <test-method status="PASS" signature="postCondition(org.testng.ITestResult)[pri:0, instance:script.ValidLogin@e874448]" name="postCondition" is-config="true" duration-ms="706" started-at="2021-08-07T06:32:49Z" finished-at="2021-08-07T06:32:49Z">
          <params>
            <param index="0">
              <value>
                <![CDATA[[TestResult name=testValidLogin status=SUCCESS method=ValidLogin.testValidLogin(java.lang.String, java.lang.String)[pri:0, instance:script.ValidLogin@e874448] output={null}]]]>
              </value>
            </param>
          </params>
          <reporter-output>
            <line>
              <![CDATA[Browser is closed]]>
            </line>
            <line>
              <![CDATA[Test executed successfully]]>
            </line>
            <line>
              <![CDATA[Postcondition completed]]>
            </line>
          </reporter-output>
        </test-method> <!-- postCondition -->
        <test-method status="PASS" signature="publishReport()[pri:0, instance:script.ValidLogin@e874448]" name="publishReport" is-config="true" duration-ms="272" started-at="2021-08-07T06:32:49Z" finished-at="2021-08-07T06:32:50Z">
          <reporter-output>
            <line>
              <![CDATA[Extent report published]]>
            </line>
          </reporter-output>
        </test-method> <!-- publishReport -->
      </class> <!-- script.ValidLogin -->
    </test> <!-- ChromeTest -->
  </suite> <!-- RegressionSuite -->
</testng-results>
