<?xml version="1.0" encoding="UTF-8"?>
<testng-results skipped="0" failed="0" ignored="0" total="4" passed="4">
  <reporter-output>
    <line>
      <![CDATA[Extent report initialized]]>
    </line>
    <line>
      <![CDATA[XL DP]]>
    </line>
    <line>
      <![CDATA[XL path:./data/input.xlsx XL Sheet:testValidLogin]]>
    </line>
    <line>
      <![CDATA[Extent Test Created]]>
    </line>
    <line>
      <![CDATA[Using Grid?:YES]]>
    </line>
    <line>
      <![CDATA[Using Grid]]>
    </line>
    <line>
      <![CDATA[hubURL:http://192.168.1.3:4444/wd/hub]]>
    </line>
    <line>
      <![CDATA[Browser:chrome]]>
    </line>
    <line>
      <![CDATA[Browser launched in grid:chrome]]>
    </line>
    <line>
      <![CDATA[ETO:60]]>
    </line>
    <line>
      <![CDATA[ITO:60]]>
    </line>
    <line>
      <![CDATA[PLT:60]]>
    </line>
    <line>
      <![CDATA[STO:60]]>
    </line>
    <line>
      <![CDATA[appUrl:https://demo.actitime.com/login.do]]>
    </line>
    <line>
      <![CDATA[Cookies Deleted]]>
    </line>
    <line>
      <![CDATA[Browser Maximized]]>
    </line>
    <line>
      <![CDATA[Precondition completed]]>
    </line>
    <line>
      <![CDATA[Browser is closed]]>
    </line>
    <line>
      <![CDATA[Test executed successfully]]>
    </line>
    <line>
      <![CDATA[Postcondition completed]]>
    </line>
    <line>
      <![CDATA[Extent Test Created]]>
    </line>
    <line>
      <![CDATA[Using Grid?:YES]]>
    </line>
    <line>
      <![CDATA[Using Grid]]>
    </line>
    <line>
      <![CDATA[hubURL:http://192.168.1.3:4444/wd/hub]]>
    </line>
    <line>
      <![CDATA[Browser:chrome]]>
    </line>
    <line>
      <![CDATA[Browser launched in grid:chrome]]>
    </line>
    <line>
      <![CDATA[ETO:60]]>
    </line>
    <line>
      <![CDATA[ITO:60]]>
    </line>
    <line>
      <![CDATA[PLT:60]]>
    </line>
    <line>
      <![CDATA[STO:60]]>
    </line>
    <line>
      <![CDATA[appUrl:https://demo.actitime.com/login.do]]>
    </line>
    <line>
      <![CDATA[Cookies Deleted]]>
    </line>
    <line>
      <![CDATA[Browser Maximized]]>
    </line>
    <line>
      <![CDATA[Precondition completed]]>
    </line>
    <line>
      <![CDATA[Browser is closed]]>
    </line>
    <line>
      <![CDATA[Test executed successfully]]>
    </line>
    <line>
      <![CDATA[Postcondition completed]]>
    </line>
    <line>
      <![CDATA[XL DP]]>
    </line>
    <line>
      <![CDATA[XL path:./data/input.xlsx XL Sheet:testValidLogin]]>
    </line>
    <line>
      <![CDATA[Extent Test Created]]>
    </line>
    <line>
      <![CDATA[Using Grid?:YES]]>
    </line>
    <line>
      <![CDATA[Using Grid]]>
    </line>
    <line>
      <![CDATA[hubURL:http://192.168.1.3:4444/wd/hub]]>
    </line>
    <line>
      <![CDATA[Browser:firefox]]>
    </line>
    <line>
      <![CDATA[Browser launched in grid:firefox]]>
    </line>
    <line>
      <![CDATA[ETO:60]]>
    </line>
    <line>
      <![CDATA[ITO:60]]>
    </line>
    <line>
      <![CDATA[PLT:60]]>
    </line>
    <line>
      <![CDATA[STO:60]]>
    </line>
    <line>
      <![CDATA[appUrl:https://demo.actitime.com/login.do]]>
    </line>
    <line>
      <![CDATA[Cookies Deleted]]>
    </line>
    <line>
      <![CDATA[Browser Maximized]]>
    </line>
    <line>
      <![CDATA[Precondition completed]]>
    </line>
    <line>
      <![CDATA[Browser is closed]]>
    </line>
    <line>
      <![CDATA[Test executed successfully]]>
    </line>
    <line>
      <![CDATA[Postcondition completed]]>
    </line>
    <line>
      <![CDATA[Extent Test Created]]>
    </line>
    <line>
      <![CDATA[Using Grid?:YES]]>
    </line>
    <line>
      <![CDATA[Using Grid]]>
    </line>
    <line>
      <![CDATA[hubURL:http://192.168.1.3:4444/wd/hub]]>
    </line>
    <line>
      <![CDATA[Browser:firefox]]>
    </line>
    <line>
      <![CDATA[Browser launched in grid:firefox]]>
    </line>
    <line>
      <![CDATA[ETO:60]]>
    </line>
    <line>
      <![CDATA[ITO:60]]>
    </line>
    <line>
      <![CDATA[PLT:60]]>
    </line>
    <line>
      <![CDATA[STO:60]]>
    </line>
    <line>
      <![CDATA[appUrl:https://demo.actitime.com/login.do]]>
    </line>
    <line>
      <![CDATA[Cookies Deleted]]>
    </line>
    <line>
      <![CDATA[Browser Maximized]]>
    </line>
    <line>
      <![CDATA[Precondition completed]]>
    </line>
    <line>
      <![CDATA[Browser is closed]]>
    </line>
    <line>
      <![CDATA[Test executed successfully]]>
    </line>
    <line>
      <![CDATA[Postcondition completed]]>
    </line>
    <line>
      <![CDATA[Extent report published]]>
    </line>
  </reporter-output>
  <suite name="RegressionSuite" duration-ms="39639" started-at="2021-08-07T13:33:36Z" finished-at="2021-08-07T13:34:15Z">
    <groups>
    </groups>
    <test name="ChromeTest" duration-ms="19018" started-at="2021-08-07T13:33:36Z" finished-at="2021-08-07T13:33:55Z">
      <class name="script.ValidLogin">
        <test-method status="PASS" signature="preCondition(java.lang.String, java.lang.String, org.testng.ITestResult)[pri:0, instance:script.ValidLogin@5a8e6209]" name="preCondition" is-config="true" duration-ms="9543" started-at="2021-08-07T13:33:36Z" finished-at="2021-08-07T13:33:46Z">
          <params>
            <param index="0">
              <value>
                <![CDATA[http://192.168.1.3:4444/wd/hub]]>
              </value>
            </param>
            <param index="1">
              <value>
                <![CDATA[chrome]]>
              </value>
            </param>
            <param index="2">
              <value>
                <![CDATA[[TestResult name=testValidLogin status=SUCCESS method=ValidLogin.testValidLogin(java.lang.String, java.lang.String)[pri:0, instance:script.ValidLogin@5a8e6209] output={null}]]]>
              </value>
            </param>
          </params>
          <reporter-output>
            <line>
              <![CDATA[Extent Test Created]]>
            </line>
            <line>
              <![CDATA[Using Grid?:YES]]>
            </line>
            <line>
              <![CDATA[Using Grid]]>
            </line>
            <line>
              <![CDATA[hubURL:http://192.168.1.3:4444/wd/hub]]>
            </line>
            <line>
              <![CDATA[Browser:chrome]]>
            </line>
            <line>
              <![CDATA[Browser launched in grid:chrome]]>
            </line>
            <line>
              <![CDATA[ETO:60]]>
            </line>
            <line>
              <![CDATA[ITO:60]]>
            </line>
            <line>
              <![CDATA[PLT:60]]>
            </line>
            <line>
              <![CDATA[STO:60]]>
            </line>
            <line>
              <![CDATA[appUrl:https://demo.actitime.com/login.do]]>
            </line>
            <line>
              <![CDATA[Cookies Deleted]]>
            </line>
            <line>
              <![CDATA[Browser Maximized]]>
            </line>
            <line>
              <![CDATA[Precondition completed]]>
            </line>
          </reporter-output>
        </test-method> <!-- preCondition -->
        <test-method status="PASS" signature="testValidLogin(java.lang.String, java.lang.String)[pri:0, instance:script.ValidLogin@5a8e6209]" name="testValidLogin" duration-ms="316" started-at="2021-08-07T13:33:46Z" data-provider="getDataFromXL" finished-at="2021-08-07T13:33:46Z">
          <params>
            <param index="0">
              <value>
                <![CDATA[admin]]>
              </value>
            </param>
            <param index="1">
              <value>
                <![CDATA[manager]]>
              </value>
            </param>
          </params>
          <reporter-output>
          </reporter-output>
        </test-method> <!-- testValidLogin -->
        <test-method status="PASS" signature="postCondition(org.testng.ITestResult)[pri:0, instance:script.ValidLogin@5a8e6209]" name="postCondition" is-config="true" duration-ms="67" started-at="2021-08-07T13:33:46Z" finished-at="2021-08-07T13:33:46Z">
          <params>
            <param index="0">
              <value>
                <![CDATA[[TestResult name=testValidLogin status=SUCCESS method=ValidLogin.testValidLogin(java.lang.String, java.lang.String)[pri:0, instance:script.ValidLogin@5a8e6209] output={null}]]]>
              </value>
            </param>
          </params>
          <reporter-output>
            <line>
              <![CDATA[Browser is closed]]>
            </line>
            <line>
              <![CDATA[Test executed successfully]]>
            </line>
            <line>
              <![CDATA[Postcondition completed]]>
            </line>
          </reporter-output>
        </test-method> <!-- postCondition -->
        <test-method status="PASS" signature="preCondition(java.lang.String, java.lang.String, org.testng.ITestResult)[pri:0, instance:script.ValidLogin@5a8e6209]" name="preCondition" is-config="true" duration-ms="8166" started-at="2021-08-07T13:33:46Z" finished-at="2021-08-07T13:33:55Z">
          <params>
            <param index="0">
              <value>
                <![CDATA[http://192.168.1.3:4444/wd/hub]]>
              </value>
            </param>
            <param index="1">
              <value>
                <![CDATA[chrome]]>
              </value>
            </param>
            <param index="2">
              <value>
                <![CDATA[[TestResult name=testValidLogin status=SUCCESS method=ValidLogin.testValidLogin(java.lang.String, java.lang.String)[pri:0, instance:script.ValidLogin@5a8e6209] output={null}]]]>
              </value>
            </param>
          </params>
          <reporter-output>
            <line>
              <![CDATA[Extent Test Created]]>
            </line>
            <line>
              <![CDATA[Using Grid?:YES]]>
            </line>
            <line>
              <![CDATA[Using Grid]]>
            </line>
            <line>
              <![CDATA[hubURL:http://192.168.1.3:4444/wd/hub]]>
            </line>
            <line>
              <![CDATA[Browser:chrome]]>
            </line>
            <line>
              <![CDATA[Browser launched in grid:chrome]]>
            </line>
            <line>
              <![CDATA[ETO:60]]>
            </line>
            <line>
              <![CDATA[ITO:60]]>
            </line>
            <line>
              <![CDATA[PLT:60]]>
            </line>
            <line>
              <![CDATA[STO:60]]>
            </line>
            <line>
              <![CDATA[appUrl:https://demo.actitime.com/login.do]]>
            </line>
            <line>
              <![CDATA[Cookies Deleted]]>
            </line>
            <line>
              <![CDATA[Browser Maximized]]>
            </line>
            <line>
              <![CDATA[Precondition completed]]>
            </line>
          </reporter-output>
        </test-method> <!-- preCondition -->
        <test-method status="PASS" signature="testValidLogin(java.lang.String, java.lang.String)[pri:0, instance:script.ValidLogin@5a8e6209]" name="testValidLogin" duration-ms="259" started-at="2021-08-07T13:33:55Z" data-provider="getDataFromXL" finished-at="2021-08-07T13:33:55Z">
          <params>
            <param index="0">
              <value>
                <![CDATA[trainee]]>
              </value>
            </param>
            <param index="1">
              <value>
                <![CDATA[trainee]]>
              </value>
            </param>
          </params>
          <reporter-output>
          </reporter-output>
        </test-method> <!-- testValidLogin -->
        <test-method status="PASS" signature="postCondition(org.testng.ITestResult)[pri:0, instance:script.ValidLogin@5a8e6209]" name="postCondition" is-config="true" duration-ms="76" started-at="2021-08-07T13:33:55Z" finished-at="2021-08-07T13:33:55Z">
          <params>
            <param index="0">
              <value>
                <![CDATA[[TestResult name=testValidLogin status=SUCCESS method=ValidLogin.testValidLogin(java.lang.String, java.lang.String)[pri:0, instance:script.ValidLogin@5a8e6209] output={null}]]]>
              </value>
            </param>
          </params>
          <reporter-output>
            <line>
              <![CDATA[Browser is closed]]>
            </line>
            <line>
              <![CDATA[Test executed successfully]]>
            </line>
            <line>
              <![CDATA[Postcondition completed]]>
            </line>
          </reporter-output>
        </test-method> <!-- postCondition -->
      </class> <!-- script.ValidLogin -->
    </test> <!-- ChromeTest -->
    <test name="FFTest" duration-ms="20606" started-at="2021-08-07T13:33:55Z" finished-at="2021-08-07T13:34:15Z">
      <class name="script.ValidLogin">
        <test-method status="PASS" signature="initReport()[pri:0, instance:script.ValidLogin@3cef309d]" name="initReport" is-config="true" duration-ms="186" started-at="2021-08-07T13:33:36Z" finished-at="2021-08-07T13:33:36Z">
          <reporter-output>
            <line>
              <![CDATA[Extent report initialized]]>
            </line>
          </reporter-output>
        </test-method> <!-- initReport -->
        <test-method status="PASS" signature="startGrid()[pri:0, instance:script.ValidLogin@3cef309d]" name="startGrid" is-config="true" duration-ms="0" started-at="2021-08-07T13:33:36Z" finished-at="2021-08-07T13:33:36Z">
          <reporter-output>
          </reporter-output>
        </test-method> <!-- startGrid -->
        <test-method status="PASS" signature="preCondition(java.lang.String, java.lang.String, org.testng.ITestResult)[pri:0, instance:script.ValidLogin@3cef309d]" name="preCondition" is-config="true" duration-ms="9730" started-at="2021-08-07T13:33:55Z" finished-at="2021-08-07T13:34:05Z">
          <params>
            <param index="0">
              <value>
                <![CDATA[http://192.168.1.3:4444/wd/hub]]>
              </value>
            </param>
            <param index="1">
              <value>
                <![CDATA[firefox]]>
              </value>
            </param>
            <param index="2">
              <value>
                <![CDATA[[TestResult name=testValidLogin status=SUCCESS method=ValidLogin.testValidLogin(java.lang.String, java.lang.String)[pri:0, instance:script.ValidLogin@3cef309d] output={null}]]]>
              </value>
            </param>
          </params>
          <reporter-output>
            <line>
              <![CDATA[Extent Test Created]]>
            </line>
            <line>
              <![CDATA[Using Grid?:YES]]>
            </line>
            <line>
              <![CDATA[Using Grid]]>
            </line>
            <line>
              <![CDATA[hubURL:http://192.168.1.3:4444/wd/hub]]>
            </line>
            <line>
              <![CDATA[Browser:firefox]]>
            </line>
            <line>
              <![CDATA[Browser launched in grid:firefox]]>
            </line>
            <line>
              <![CDATA[ETO:60]]>
            </line>
            <line>
              <![CDATA[ITO:60]]>
            </line>
            <line>
              <![CDATA[PLT:60]]>
            </line>
            <line>
              <![CDATA[STO:60]]>
            </line>
            <line>
              <![CDATA[appUrl:https://demo.actitime.com/login.do]]>
            </line>
            <line>
              <![CDATA[Cookies Deleted]]>
            </line>
            <line>
              <![CDATA[Browser Maximized]]>
            </line>
            <line>
              <![CDATA[Precondition completed]]>
            </line>
          </reporter-output>
        </test-method> <!-- preCondition -->
        <test-method status="PASS" signature="testValidLogin(java.lang.String, java.lang.String)[pri:0, instance:script.ValidLogin@3cef309d]" name="testValidLogin" duration-ms="337" started-at="2021-08-07T13:34:05Z" data-provider="getDataFromXL" finished-at="2021-08-07T13:34:05Z">
          <params>
            <param index="0">
              <value>
                <![CDATA[admin]]>
              </value>
            </param>
            <param index="1">
              <value>
                <![CDATA[manager]]>
              </value>
            </param>
          </params>
          <reporter-output>
          </reporter-output>
        </test-method> <!-- testValidLogin -->
        <test-method status="PASS" signature="postCondition(org.testng.ITestResult)[pri:0, instance:script.ValidLogin@3cef309d]" name="postCondition" is-config="true" duration-ms="404" started-at="2021-08-07T13:34:05Z" finished-at="2021-08-07T13:34:05Z">
          <params>
            <param index="0">
              <value>
                <![CDATA[[TestResult name=testValidLogin status=SUCCESS method=ValidLogin.testValidLogin(java.lang.String, java.lang.String)[pri:0, instance:script.ValidLogin@3cef309d] output={null}]]]>
              </value>
            </param>
          </params>
          <reporter-output>
            <line>
              <![CDATA[Browser is closed]]>
            </line>
            <line>
              <![CDATA[Test executed successfully]]>
            </line>
            <line>
              <![CDATA[Postcondition completed]]>
            </line>
          </reporter-output>
        </test-method> <!-- postCondition -->
        <test-method status="PASS" signature="preCondition(java.lang.String, java.lang.String, org.testng.ITestResult)[pri:0, instance:script.ValidLogin@3cef309d]" name="preCondition" is-config="true" duration-ms="9356" started-at="2021-08-07T13:34:05Z" finished-at="2021-08-07T13:34:15Z">
          <params>
            <param index="0">
              <value>
                <![CDATA[http://192.168.1.3:4444/wd/hub]]>
              </value>
            </param>
            <param index="1">
              <value>
                <![CDATA[firefox]]>
              </value>
            </param>
            <param index="2">
              <value>
                <![CDATA[[TestResult name=testValidLogin status=SUCCESS method=ValidLogin.testValidLogin(java.lang.String, java.lang.String)[pri:0, instance:script.ValidLogin@3cef309d] output={null}]]]>
              </value>
            </param>
          </params>
          <reporter-output>
            <line>
              <![CDATA[Extent Test Created]]>
            </line>
            <line>
              <![CDATA[Using Grid?:YES]]>
            </line>
            <line>
              <![CDATA[Using Grid]]>
            </line>
            <line>
              <![CDATA[hubURL:http://192.168.1.3:4444/wd/hub]]>
            </line>
            <line>
              <![CDATA[Browser:firefox]]>
            </line>
            <line>
              <![CDATA[Browser launched in grid:firefox]]>
            </line>
            <line>
              <![CDATA[ETO:60]]>
            </line>
            <line>
              <![CDATA[ITO:60]]>
            </line>
            <line>
              <![CDATA[PLT:60]]>
            </line>
            <line>
              <![CDATA[STO:60]]>
            </line>
            <line>
              <![CDATA[appUrl:https://demo.actitime.com/login.do]]>
            </line>
            <line>
              <![CDATA[Cookies Deleted]]>
            </line>
            <line>
              <![CDATA[Browser Maximized]]>
            </line>
            <line>
              <![CDATA[Precondition completed]]>
            </line>
          </reporter-output>
        </test-method> <!-- preCondition -->
        <test-method status="PASS" signature="testValidLogin(java.lang.String, java.lang.String)[pri:0, instance:script.ValidLogin@3cef309d]" name="testValidLogin" duration-ms="334" started-at="2021-08-07T13:34:15Z" data-provider="getDataFromXL" finished-at="2021-08-07T13:34:15Z">
          <params>
            <param index="0">
              <value>
                <![CDATA[trainee]]>
              </value>
            </param>
            <param index="1">
              <value>
                <![CDATA[trainee]]>
              </value>
            </param>
          </params>
          <reporter-output>
          </reporter-output>
        </test-method> <!-- testValidLogin -->
        <test-method status="PASS" signature="postCondition(org.testng.ITestResult)[pri:0, instance:script.ValidLogin@3cef309d]" name="postCondition" is-config="true" duration-ms="419" started-at="2021-08-07T13:34:15Z" finished-at="2021-08-07T13:34:15Z">
          <params>
            <param index="0">
              <value>
                <![CDATA[[TestResult name=testValidLogin status=SUCCESS method=ValidLogin.testValidLogin(java.lang.String, java.lang.String)[pri:0, instance:script.ValidLogin@3cef309d] output={null}]]]>
              </value>
            </param>
          </params>
          <reporter-output>
            <line>
              <![CDATA[Browser is closed]]>
            </line>
            <line>
              <![CDATA[Test executed successfully]]>
            </line>
            <line>
              <![CDATA[Postcondition completed]]>
            </line>
          </reporter-output>
        </test-method> <!-- postCondition -->
        <test-method status="PASS" signature="publishReport()[pri:0, instance:script.ValidLogin@3cef309d]" name="publishReport" is-config="true" duration-ms="252" started-at="2021-08-07T13:34:15Z" finished-at="2021-08-07T13:34:16Z">
          <reporter-output>
            <line>
              <![CDATA[Extent report published]]>
            </line>
          </reporter-output>
        </test-method> <!-- publishReport -->
      </class> <!-- script.ValidLogin -->
    </test> <!-- FFTest -->
  </suite> <!-- RegressionSuite -->
</testng-results>
